<?xml version="1.0" encoding="UTF-8"?>
<testsuite xmlns:xsi="http://www.w3.org/2001/XMLSchema-instance" xsi:noNamespaceSchemaLocation="https://maven.apache.org/surefire/maven-surefire-plugin/xsd/surefire-test-report.xsd" name="edu.innotech.Tests" time="0.873" tests="9" errors="0" skipped="0" failures="0">
  <properties>
[...]
</properties>
  <testcase name="markNotInRange{int}[1]" classname="edu.innotech.Tests" time="0.056"/>
  <testcase name="markNotInRange{int}[2]" classname="edu.innotech.Tests" time="0.002"/>
  <testcase name="markNotInRange{int}[3]" classname="edu.innotech.Tests" time="0.001"/>
  <testcase name="markNotInRange{int}[4]" classname="edu.innotech.Tests" time="0"/>
  <testcase name="testRaiting" classname="edu.innotech.Tests" time="0.732"/>
  <testcase name="markInRange{RepetitionInfo}[1]" classname="edu.innotech.Tests" time="0.002"/>
  <testcase name="markInRange{RepetitionInfo}[2]" classname="edu.innotech.Tests" time="0.001"/>
  <testcase name="markInRange{RepetitionInfo}[3]" classname="edu.innotech.Tests" time="0"/>
  <testcase name="markInRange{RepetitionInfo}[4]" classname="edu.innotech.Tests" time="0"/>
</testsuite>